[01m[Kc++:[m[K [01;31m[Kfatal error: [m[KKilled signal terminated program cc1plus
compilation terminated.
gmake[2]: *** [CMakeFiles/gazebo_ros_force_system.dir/build.make:76: CMakeFiles/gazebo_ros_force_system.dir/src/gazebo_ros_force_system.cpp.o] Error 1
gmake[1]: *** [CMakeFiles/Makefile2:435: CMakeFiles/gazebo_ros_force_system.dir/all] Error 2
gmake[1]: *** Waiting for unfinished jobs....
[01m[Kc++:[m[K [01;31m[Kfatal error: [m[KKilled signal terminated program cc1plus
compilation terminated.
gmake[2]: *** [CMakeFiles/gazebo_ros_state.dir/build.make:76: CMakeFiles/gazebo_ros_state.dir/src/gazebo_ros_state.cpp.o] Error 1
gmake[1]: *** [CMakeFiles/Makefile2:409: CMakeFiles/gazebo_ros_state.dir/all] Error 2
[01m[Kc++:[m[K [01;31m[Kfatal error: [m[KKilled signal terminated program cc1plus
compilation terminated.
gmake[2]: *** [test/CMakeFiles/sdf_node.dir/build.make:76: test/CMakeFiles/sdf_node.dir/plugins/sdf_node.cpp.o] Error 1
gmake[1]: *** [CMakeFiles/Makefile2:565: test/CMakeFiles/sdf_node.dir/all] Error 2
[01m[Kc++:[m[K [01;31m[Kfatal error: [m[KKilled signal terminated program cc1plus
compilation terminated.
gmake[2]: *** [test/CMakeFiles/test_gazebo_ros_properties.dir/build.make:76: test/CMakeFiles/test_gazebo_ros_properties.dir/test_gazebo_ros_properties.cpp.o] Error 1
gmake[1]: *** [CMakeFiles/Makefile2:739: test/CMakeFiles/test_gazebo_ros_properties.dir/all] Error 2
[01m[Kc++:[m[K [01;31m[Kfatal error: [m[KKilled signal terminated program cc1plus
compilation terminated.
gmake[2]: *** [CMakeFiles/gazebo_ros_init.dir/build.make:76: CMakeFiles/gazebo_ros_init.dir/src/gazebo_ros_init.cpp.o] Error 1
gmake[1]: *** [CMakeFiles/Makefile2:330: CMakeFiles/gazebo_ros_init.dir/all] Error 2
[01m[Kc++:[m[K [01;31m[Kfatal error: [m[KKilled signal terminated program cc1plus
compilation terminated.
gmake[2]: *** [CMakeFiles/gazebo_ros_properties.dir/build.make:76: CMakeFiles/gazebo_ros_properties.dir/src/gazebo_ros_properties.cpp.o] Error 1
gmake[1]: *** [CMakeFiles/Makefile2:383: CMakeFiles/gazebo_ros_properties.dir/all] Error 2
[01m[Kc++:[m[K [01;31m[Kfatal error: [m[KKilled signal terminated program cc1plus
compilation terminated.
gmake[2]: *** [test/CMakeFiles/test_gazebo_ros_state.dir/build.make:76: test/CMakeFiles/test_gazebo_ros_state.dir/test_gazebo_ros_state.cpp.o] Error 1
gmake[1]: *** [CMakeFiles/Makefile2:768: test/CMakeFiles/test_gazebo_ros_state.dir/all] Error 2
