[  3%] Built target gtest_main
[  3%] Built target ament_cmake_python_copy_scripts
[  6%] Built target gtest
[ 13%] Built target mock_gazebo_ros_factory
[ 13%] Built target mock_robot_state_publisher
[ 21%] Built target gazebo_ros_utils
[ 23%] Built target gazebo_ros_node
[ 25%] [32mBuilding CXX object test/CMakeFiles/create_node_without_init.dir/plugins/create_node_without_init.cpp.o[0m
[ 26%] [32mBuilding CXX object test/CMakeFiles/ros_world_plugin.dir/plugins/ros_world_plugin.cpp.o[0m
[ 28%] [32mBuilding CXX object CMakeFiles/gazebo_ros_init.dir/src/gazebo_ros_init.cpp.o[0m
[ 35%] [32mBuilding CXX object CMakeFiles/gazebo_ros_state.dir/src/gazebo_ros_state.cpp.o[0m
[ 35%] [32mBuilding CXX object test/CMakeFiles/multiple_nodes.dir/plugins/multiple_nodes.cpp.o[0m
[ 35%] [32mBuilding CXX object CMakeFiles/gazebo_ros_force_system.dir/src/gazebo_ros_force_system.cpp.o[0m
[ 36%] [32mBuilding CXX object CMakeFiles/gazebo_ros_properties.dir/src/gazebo_ros_properties.cpp.o[0m
[ 35%] [32mBuilding CXX object test/CMakeFiles/args_init.dir/plugins/args_init.cpp.o[0m
[ 38%] [32mBuilding CXX object test/CMakeFiles/test_gazebo_ros_joint_effort.dir/test_gazebo_ros_joint_effort.cpp.o[0m
[ 40%] [32mBuilding CXX object test/CMakeFiles/test_gazebo_ros_init.dir/test_gazebo_ros_init.cpp.o[0m
[ 41%] [32mBuilding CXX object test/CMakeFiles/sdf_node.dir/plugins/sdf_node.cpp.o[0m
[ 43%] [32mBuilding CXX object CMakeFiles/gazebo_ros_factory.dir/src/gazebo_ros_factory.cpp.o[0m
[ 46%] Built target test_conversions
[ 48%] [32mBuilding CXX object test/CMakeFiles/test_gazebo_ros_link_wrench.dir/test_gazebo_ros_link_wrench.cpp.o[0m
[ 50%] [32mBuilding CXX object test/CMakeFiles/test_gazebo_ros_factory.dir/test_gazebo_ros_factory.cpp.o[0m
[ 51%] [32mBuilding CXX object test/CMakeFiles/test_gazebo_ros_properties.dir/test_gazebo_ros_properties.cpp.o[0m
running egg_info
writing scripts.egg-info/PKG-INFO
writing dependency_links to scripts.egg-info/dependency_links.txt
writing top-level names to scripts.egg-info/top_level.txt
reading manifest file 'scripts.egg-info/SOURCES.txt'
writing manifest file 'scripts.egg-info/SOURCES.txt'
[ 51%] Built target ament_cmake_python_build_scripts_egg
[ 53%] [32mBuilding CXX object test/CMakeFiles/test_gazebo_ros_state.dir/test_gazebo_ros_state.cpp.o[0m
[01m[Kc++:[m[K [01;31m[Kfatal error: [m[KKilled signal terminated program cc1plus
compilation terminated.
gmake[2]: *** [CMakeFiles/gazebo_ros_force_system.dir/build.make:76: CMakeFiles/gazebo_ros_force_system.dir/src/gazebo_ros_force_system.cpp.o] Error 1
gmake[1]: *** [CMakeFiles/Makefile2:435: CMakeFiles/gazebo_ros_force_system.dir/all] Error 2
gmake[1]: *** Waiting for unfinished jobs....
[01m[Kc++:[m[K [01;31m[Kfatal error: [m[KKilled signal terminated program cc1plus
compilation terminated.
gmake[2]: *** [CMakeFiles/gazebo_ros_state.dir/build.make:76: CMakeFiles/gazebo_ros_state.dir/src/gazebo_ros_state.cpp.o] Error 1
gmake[1]: *** [CMakeFiles/Makefile2:409: CMakeFiles/gazebo_ros_state.dir/all] Error 2
[01m[Kc++:[m[K [01;31m[Kfatal error: [m[KKilled signal terminated program cc1plus
compilation terminated.
gmake[2]: *** [test/CMakeFiles/sdf_node.dir/build.make:76: test/CMakeFiles/sdf_node.dir/plugins/sdf_node.cpp.o] Error 1
gmake[1]: *** [CMakeFiles/Makefile2:565: test/CMakeFiles/sdf_node.dir/all] Error 2
[01m[Kc++:[m[K [01;31m[Kfatal error: [m[KKilled signal terminated program cc1plus
compilation terminated.
gmake[2]: *** [test/CMakeFiles/test_gazebo_ros_properties.dir/build.make:76: test/CMakeFiles/test_gazebo_ros_properties.dir/test_gazebo_ros_properties.cpp.o] Error 1
gmake[1]: *** [CMakeFiles/Makefile2:739: test/CMakeFiles/test_gazebo_ros_properties.dir/all] Error 2
[01m[Kc++:[m[K [01;31m[Kfatal error: [m[KKilled signal terminated program cc1plus
compilation terminated.
gmake[2]: *** [CMakeFiles/gazebo_ros_init.dir/build.make:76: CMakeFiles/gazebo_ros_init.dir/src/gazebo_ros_init.cpp.o] Error 1
gmake[1]: *** [CMakeFiles/Makefile2:330: CMakeFiles/gazebo_ros_init.dir/all] Error 2
[01m[Kc++:[m[K [01;31m[Kfatal error: [m[KKilled signal terminated program cc1plus
compilation terminated.
gmake[2]: *** [CMakeFiles/gazebo_ros_properties.dir/build.make:76: CMakeFiles/gazebo_ros_properties.dir/src/gazebo_ros_properties.cpp.o] Error 1
gmake[1]: *** [CMakeFiles/Makefile2:383: CMakeFiles/gazebo_ros_properties.dir/all] Error 2
[01m[Kc++:[m[K [01;31m[Kfatal error: [m[KKilled signal terminated program cc1plus
compilation terminated.
gmake[2]: *** [test/CMakeFiles/test_gazebo_ros_state.dir/build.make:76: test/CMakeFiles/test_gazebo_ros_state.dir/test_gazebo_ros_state.cpp.o] Error 1
gmake[1]: *** [CMakeFiles/Makefile2:768: test/CMakeFiles/test_gazebo_ros_state.dir/all] Error 2
