[35m[1mConsolidate compiler generated dependencies of target gtest_main[0m
[35m[1mConsolidate compiler generated dependencies of target gtest[0m
[35m[1mConsolidate compiler generated dependencies of target gazebo_ros_utils[0m
[35m[1mConsolidate compiler generated dependencies of target mock_robot_state_publisher[0m
[35m[1mConsolidate compiler generated dependencies of target gazebo_ros_node[0m
[35m[1mConsolidate compiler generated dependencies of target mock_gazebo_ros_factory[0m
[  3%] Built target gtest_main
[  6%] Built target gtest
[  6%] Built target ament_cmake_python_copy_scripts
[ 11%] Built target mock_gazebo_ros_factory
[ 13%] Built target mock_robot_state_publisher
[ 20%] Built target gazebo_ros_utils
[ 23%] Built target gazebo_ros_node
[ 31%] [32mBuilding CXX object CMakeFiles/gazebo_ros_state.dir/src/gazebo_ros_state.cpp.o[0m
[ 31%] [32mBuilding CXX object CMakeFiles/gazebo_ros_properties.dir/src/gazebo_ros_properties.cpp.o[0m
[ 31%] [32mBuilding CXX object test/CMakeFiles/args_init.dir/plugins/args_init.cpp.o[0m
[ 31%] [32mBuilding CXX object test/CMakeFiles/multiple_nodes.dir/plugins/multiple_nodes.cpp.o[0m
[ 35%] [32mBuilding CXX object test/CMakeFiles/ros_world_plugin.dir/plugins/ros_world_plugin.cpp.o[0m
[ 35%] [32mBuilding CXX object test/CMakeFiles/test_gazebo_ros_init.dir/test_gazebo_ros_init.cpp.o[0m
[ 35%] [32mBuilding CXX object test/CMakeFiles/create_node_without_init.dir/plugins/create_node_without_init.cpp.o[0m
[ 36%] [32mBuilding CXX object test/CMakeFiles/test_gazebo_ros_link_wrench.dir/test_gazebo_ros_link_wrench.cpp.o[0m
[ 38%] [32mBuilding CXX object CMakeFiles/gazebo_ros_force_system.dir/src/gazebo_ros_force_system.cpp.o[0m
[ 40%] [32mBuilding CXX object test/CMakeFiles/sdf_node.dir/plugins/sdf_node.cpp.o[0m
[ 41%] [32mBuilding CXX object test/CMakeFiles/test_gazebo_ros_properties.dir/test_gazebo_ros_properties.cpp.o[0m
[ 43%] [32mBuilding CXX object test/CMakeFiles/test_gazebo_ros_state.dir/test_gazebo_ros_state.cpp.o[0m
[ 45%] [32mBuilding CXX object test/CMakeFiles/test_gazebo_ros_factory.dir/test_gazebo_ros_factory.cpp.o[0m
[ 46%] [32mBuilding CXX object test/CMakeFiles/test_gazebo_ros_joint_effort.dir/test_gazebo_ros_joint_effort.cpp.o[0m
[ 48%] [32mBuilding CXX object test/CMakeFiles/test_conversions.dir/test_conversions.cpp.o[0m
running egg_info
writing scripts.egg-info/PKG-INFO
writing dependency_links to scripts.egg-info/dependency_links.txt
writing top-level names to scripts.egg-info/top_level.txt
reading manifest file 'scripts.egg-info/SOURCES.txt'
writing manifest file 'scripts.egg-info/SOURCES.txt'
[ 48%] Built target ament_cmake_python_build_scripts_egg
[ 50%] [32mBuilding CXX object test/CMakeFiles/test_node.dir/test_node.cpp.o[0m
[01m[Kc++:[m[K [01;31m[Kfatal error: [m[KKilled signal terminated program cc1plus
compilation terminated.
gmake[2]: *** [CMakeFiles/gazebo_ros_state.dir/build.make:76: CMakeFiles/gazebo_ros_state.dir/src/gazebo_ros_state.cpp.o] Error 1
gmake[1]: *** [CMakeFiles/Makefile2:409: CMakeFiles/gazebo_ros_state.dir/all] Error 2
gmake[1]: *** Waiting for unfinished jobs....
[01m[Kc++:[m[K [01;31m[Kfatal error: [m[KKilled signal terminated program cc1plus
compilation terminated.
gmake[2]: *** [CMakeFiles/gazebo_ros_force_system.dir/build.make:76: CMakeFiles/gazebo_ros_force_system.dir/src/gazebo_ros_force_system.cpp.o] Error 1
gmake[1]: *** [CMakeFiles/Makefile2:435: CMakeFiles/gazebo_ros_force_system.dir/all] Error 2
[ 51%] [32m[1mLinking CXX executable test_conversions[0m
[01m[Kc++:[m[K [01;31m[Kfatal error: [m[KKilled signal terminated program cc1plus
compilation terminated.
gmake[2]: *** [test/CMakeFiles/test_gazebo_ros_factory.dir/build.make:76: test/CMakeFiles/test_gazebo_ros_factory.dir/test_gazebo_ros_factory.cpp.o] Error 1
gmake[1]: *** [CMakeFiles/Makefile2:623: test/CMakeFiles/test_gazebo_ros_factory.dir/all] Error 2
