[0.028s] Invoking command in '/home/tejasmk-tkp/Documents/Rudra/Interdomain/Rover/build/gazebo_ros': AMENT_PREFIX_PATH=/home/tejasmk-tkp/Documents/Rudra/Interdomain/Rover/install/gazebo_msgs:/home/tejasmk-tkp/Documents/Rudra/Interdomain/Rover/install/gazebo_dev:${AMENT_PREFIX_PATH} CMAKE_PREFIX_PATH=/home/tejasmk-tkp/Documents/Rudra/Interdomain/Rover/install/gazebo_msgs:/home/tejasmk-tkp/Documents/Rudra/Interdomain/Rover/install/gazebo_dev:/opt/ros/iron CONDA_PROMPT_MODIFIER=(rover_andes) LD_LIBRARY_PATH=/home/tejasmk-tkp/Documents/Rudra/Interdomain/Rover/install/gazebo_msgs/lib:${LD_LIBRARY_PATH} PYTHONPATH=/home/tejasmk-tkp/Documents/Rudra/Interdomain/Rover/install/gazebo_msgs/lib/python3.10/site-packages:${PYTHONPATH} /usr/bin/cmake --build /home/tejasmk-tkp/Documents/Rudra/Interdomain/Rover/build/gazebo_ros -- -j16 -l16
[0.112s] [35m[1mConsolidate compiler generated dependencies of target gtest_main[0m
[0.112s] [35m[1mConsolidate compiler generated dependencies of target gtest[0m
[0.113s] [35m[1mConsolidate compiler generated dependencies of target gazebo_ros_utils[0m
[0.113s] [35m[1mConsolidate compiler generated dependencies of target mock_robot_state_publisher[0m
[0.114s] [35m[1mConsolidate compiler generated dependencies of target gazebo_ros_node[0m
[0.114s] [35m[1mConsolidate compiler generated dependencies of target mock_gazebo_ros_factory[0m
[0.122s] [  3%] Built target gtest_main
[0.123s] [  6%] Built target gtest
[0.123s] [  6%] Built target ament_cmake_python_copy_scripts
[0.161s] [ 11%] Built target mock_gazebo_ros_factory
[0.161s] [ 13%] Built target mock_robot_state_publisher
[0.177s] [ 20%] Built target gazebo_ros_utils
[0.177s] [ 23%] Built target gazebo_ros_node
[0.196s] [ 31%] [32mBuilding CXX object CMakeFiles/gazebo_ros_state.dir/src/gazebo_ros_state.cpp.o[0m
[0.197s] [ 31%] [32mBuilding CXX object CMakeFiles/gazebo_ros_properties.dir/src/gazebo_ros_properties.cpp.o[0m
[0.197s] [ 31%] [32mBuilding CXX object test/CMakeFiles/args_init.dir/plugins/args_init.cpp.o[0m
[0.197s] [ 31%] [32mBuilding CXX object test/CMakeFiles/multiple_nodes.dir/plugins/multiple_nodes.cpp.o[0m
[0.197s] [ 35%] [32mBuilding CXX object test/CMakeFiles/ros_world_plugin.dir/plugins/ros_world_plugin.cpp.o[0m
[0.197s] [ 35%] [32mBuilding CXX object test/CMakeFiles/test_gazebo_ros_init.dir/test_gazebo_ros_init.cpp.o[0m
[0.197s] [ 35%] [32mBuilding CXX object test/CMakeFiles/create_node_without_init.dir/plugins/create_node_without_init.cpp.o[0m
[0.197s] [ 36%] [32mBuilding CXX object test/CMakeFiles/test_gazebo_ros_link_wrench.dir/test_gazebo_ros_link_wrench.cpp.o[0m
[0.197s] [ 38%] [32mBuilding CXX object CMakeFiles/gazebo_ros_force_system.dir/src/gazebo_ros_force_system.cpp.o[0m
[0.197s] [ 40%] [32mBuilding CXX object test/CMakeFiles/sdf_node.dir/plugins/sdf_node.cpp.o[0m
[0.197s] [ 41%] [32mBuilding CXX object test/CMakeFiles/test_gazebo_ros_properties.dir/test_gazebo_ros_properties.cpp.o[0m
[0.199s] [ 43%] [32mBuilding CXX object test/CMakeFiles/test_gazebo_ros_state.dir/test_gazebo_ros_state.cpp.o[0m
[0.199s] [ 45%] [32mBuilding CXX object test/CMakeFiles/test_gazebo_ros_factory.dir/test_gazebo_ros_factory.cpp.o[0m
[0.199s] [ 46%] [32mBuilding CXX object test/CMakeFiles/test_gazebo_ros_joint_effort.dir/test_gazebo_ros_joint_effort.cpp.o[0m
[0.202s] [ 48%] [32mBuilding CXX object test/CMakeFiles/test_conversions.dir/test_conversions.cpp.o[0m
[0.307s] running egg_info
[0.307s] writing scripts.egg-info/PKG-INFO
[0.308s] writing dependency_links to scripts.egg-info/dependency_links.txt
[0.308s] writing top-level names to scripts.egg-info/top_level.txt
[0.310s] reading manifest file 'scripts.egg-info/SOURCES.txt'
[0.311s] writing manifest file 'scripts.egg-info/SOURCES.txt'
[0.350s] [ 48%] Built target ament_cmake_python_build_scripts_egg
[0.376s] [ 50%] [32mBuilding CXX object test/CMakeFiles/test_node.dir/test_node.cpp.o[0m
[17.393s] [01m[Kc++:[m[K [01;31m[Kfatal error: [m[KKilled signal terminated program cc1plus
[17.396s] compilation terminated.
[17.397s] gmake[2]: *** [CMakeFiles/gazebo_ros_state.dir/build.make:76: CMakeFiles/gazebo_ros_state.dir/src/gazebo_ros_state.cpp.o] Error 1
[17.398s] gmake[1]: *** [CMakeFiles/Makefile2:409: CMakeFiles/gazebo_ros_state.dir/all] Error 2
[17.399s] gmake[1]: *** Waiting for unfinished jobs....
[20.658s] [01m[Kc++:[m[K [01;31m[Kfatal error: [m[KKilled signal terminated program cc1plus
[20.664s] compilation terminated.
[20.664s] gmake[2]: *** [CMakeFiles/gazebo_ros_force_system.dir/build.make:76: CMakeFiles/gazebo_ros_force_system.dir/src/gazebo_ros_force_system.cpp.o] Error 1
[20.664s] gmake[1]: *** [CMakeFiles/Makefile2:435: CMakeFiles/gazebo_ros_force_system.dir/all] Error 2
[21.214s] [ 51%] [32m[1mLinking CXX executable test_conversions[0m
[22.794s] [01m[Kc++:[m[K [01;31m[Kfatal error: [m[KKilled signal terminated program cc1plus
[22.796s] compilation terminated.
[22.799s] gmake[2]: *** [test/CMakeFiles/test_gazebo_ros_factory.dir/build.make:76: test/CMakeFiles/test_gazebo_ros_factory.dir/test_gazebo_ros_factory.cpp.o] Error 1
[22.802s] gmake[1]: *** [CMakeFiles/Makefile2:623: test/CMakeFiles/test_gazebo_ros_factory.dir/all] Error 2
